{"C:\\Users\\USER\\OneDrive\\Desktop\\clone\\My-brand-Manzi-Backend\\src\\app.ts": {"path":"C:\\Users\\USER\\OneDrive\\Desktop\\clone\\My-brand-Manzi-Backend\\src\\app.ts","statementMap":{"0":{"start":{"line":2,"column":0},"end":{"line":2,"column":30}},"1":{"start":{"line":3,"column":0},"end":{"line":3,"column":32}},"2":{"start":{"line":4,"column":0},"end":{"line":4,"column":45}},"3":{"start":{"line":5,"column":0},"end":{"line":5,"column":51}},"4":{"start":{"line":6,"column":0},"end":{"line":6,"column":51}},"5":{"start":{"line":7,"column":0},"end":{"line":7,"column":45}},"6":{"start":{"line":8,"column":0},"end":{"line":8,"column":45}},"7":{"start":{"line":9,"column":0},"end":{"line":9,"column":28}},"8":{"start":{"line":10,"column":12},"end":{"line":10,"column":21}},"9":{"start":{"line":12,"column":0},"end":{"line":12,"column":24}},"10":{"start":{"line":14,"column":0},"end":{"line":14,"column":16}},"11":{"start":{"line":15,"column":14},"end":{"line":15,"column":43}},"12":{"start":{"line":18,"column":0},"end":{"line":20,"column":38}},"13":{"start":{"line":19,"column":16},"end":{"line":19,"column":48}},"14":{"start":{"line":20,"column":18},"end":{"line":20,"column":36}},"15":{"start":{"line":23,"column":0},"end":{"line":23,"column":34}},"16":{"start":{"line":24,"column":0},"end":{"line":24,"column":37}},"17":{"start":{"line":25,"column":0},"end":{"line":25,"column":40}},"18":{"start":{"line":26,"column":0},"end":{"line":26,"column":34}},"19":{"start":{"line":27,"column":0},"end":{"line":27,"column":28}},"20":{"start":{"line":30,"column":13},"end":{"line":30,"column":35}},"21":{"start":{"line":31,"column":0},"end":{"line":33,"column":3}},"22":{"start":{"line":32,"column":4},"end":{"line":32,"column":53}},"23":{"start":{"line":34,"column":0},"end":{"line":34,"column":null}}},"fnMap":{"0":{"name":"(anonymous_1)","decl":{"start":{"line":19,"column":10},"end":{"line":19,"column":13}},"loc":{"start":{"line":19,"column":16},"end":{"line":19,"column":48}}},"1":{"name":"(anonymous_2)","decl":{"start":{"line":20,"column":11},"end":{"line":20,"column":14}},"loc":{"start":{"line":20,"column":18},"end":{"line":20,"column":36}}},"2":{"name":"(anonymous_3)","decl":{"start":{"line":31,"column":17},"end":{"line":31,"column":20}},"loc":{"start":{"line":31,"column":22},"end":{"line":33,"column":1}}}},"branchMap":{"0":{"loc":{"start":{"line":15,"column":14},"end":{"line":15,"column":43}},"type":"binary-expr","locations":[{"start":{"line":15,"column":14},"end":{"line":15,"column":37}},{"start":{"line":15,"column":41},"end":{"line":15,"column":43}}]},"1":{"loc":{"start":{"line":30,"column":13},"end":{"line":30,"column":35}},"type":"binary-expr","locations":[{"start":{"line":30,"column":13},"end":{"line":30,"column":29}},{"start":{"line":30,"column":33},"end":{"line":30,"column":35}}]}},"s":{"0":1,"1":1,"2":1,"3":1,"4":1,"5":1,"6":1,"7":1,"8":1,"9":1,"10":1,"11":1,"12":1,"13":1,"14":0,"15":1,"16":1,"17":1,"18":1,"19":1,"20":1,"21":1,"22":1,"23":1},"f":{"0":1,"1":0,"2":1},"b":{"0":[1,0],"1":[1,0]}}
,"C:\\Users\\USER\\OneDrive\\Desktop\\clone\\My-brand-Manzi-Backend\\src\\controllers\\blogController.ts": {"path":"C:\\Users\\USER\\OneDrive\\Desktop\\clone\\My-brand-Manzi-Backend\\src\\controllers\\blogController.ts","statementMap":{"0":{"start":{"line":3,"column":0},"end":{"line":3,"column":34}},"1":{"start":{"line":5,"column":0},"end":{"line":5,"column":45}},"2":{"start":{"line":6,"column":0},"end":{"line":6,"column":74}},"3":{"start":{"line":9,"column":26},"end":{"line":32,"column":2}},"4":{"start":{"line":9,"column":64},"end":{"line":32,"column":2}},"5":{"start":{"line":10,"column":4},"end":{"line":31,"column":5}},"6":{"start":{"line":11,"column":35},"end":{"line":11,"column":43}},"7":{"start":{"line":13,"column":26},"end":{"line":13,"column":72}},"8":{"start":{"line":14,"column":4},"end":{"line":16,"column":5}},"9":{"start":{"line":15,"column":6},"end":{"line":15,"column":71}},"10":{"start":{"line":19,"column":4},"end":{"line":21,"column":5}},"11":{"start":{"line":20,"column":8},"end":{"line":20,"column":67}},"12":{"start":{"line":24,"column":19},"end":{"line":24,"column":66}},"13":{"start":{"line":26,"column":21},"end":{"line":26,"column":82}},"14":{"start":{"line":28,"column":8},"end":{"line":28,"column":35}},"15":{"start":{"line":30,"column":8},"end":{"line":30,"column":55}},"16":{"start":{"line":9,"column":13},"end":{"line":9,"column":26}},"17":{"start":{"line":34,"column":24},"end":{"line":41,"column":2}},"18":{"start":{"line":34,"column":62},"end":{"line":41,"column":2}},"19":{"start":{"line":35,"column":4},"end":{"line":40,"column":5}},"20":{"start":{"line":36,"column":22},"end":{"line":36,"column":39}},"21":{"start":{"line":37,"column":8},"end":{"line":37,"column":36}},"22":{"start":{"line":39,"column":8},"end":{"line":39,"column":66}},"23":{"start":{"line":34,"column":13},"end":{"line":34,"column":24}},"24":{"start":{"line":43,"column":27},"end":{"line":53,"column":2}},"25":{"start":{"line":43,"column":65},"end":{"line":53,"column":2}},"26":{"start":{"line":44,"column":4},"end":{"line":52,"column":5}},"27":{"start":{"line":45,"column":21},"end":{"line":45,"column":55}},"28":{"start":{"line":46,"column":8},"end":{"line":48,"column":9}},"29":{"start":{"line":47,"column":12},"end":{"line":47,"column":71}},"30":{"start":{"line":49,"column":8},"end":{"line":49,"column":23}},"31":{"start":{"line":51,"column":8},"end":{"line":51,"column":66}},"32":{"start":{"line":43,"column":13},"end":{"line":43,"column":27}},"33":{"start":{"line":55,"column":26},"end":{"line":62,"column":2}},"34":{"start":{"line":55,"column":64},"end":{"line":62,"column":2}},"35":{"start":{"line":56,"column":4},"end":{"line":61,"column":5}},"36":{"start":{"line":57,"column":21},"end":{"line":57,"column":89}},"37":{"start":{"line":58,"column":8},"end":{"line":58,"column":23}},"38":{"start":{"line":60,"column":8},"end":{"line":60,"column":55}},"39":{"start":{"line":55,"column":13},"end":{"line":55,"column":26}},"40":{"start":{"line":64,"column":26},"end":{"line":71,"column":2}},"41":{"start":{"line":64,"column":64},"end":{"line":71,"column":2}},"42":{"start":{"line":65,"column":4},"end":{"line":70,"column":5}},"43":{"start":{"line":66,"column":8},"end":{"line":66,"column":52}},"44":{"start":{"line":67,"column":8},"end":{"line":67,"column":46}},"45":{"start":{"line":69,"column":8},"end":{"line":69,"column":66}},"46":{"start":{"line":64,"column":13},"end":{"line":64,"column":26}}},"fnMap":{"0":{"name":"(anonymous_8)","decl":{"start":{"line":9,"column":26},"end":{"line":9,"column":33}},"loc":{"start":{"line":9,"column":64},"end":{"line":32,"column":2}}},"1":{"name":"(anonymous_9)","decl":{"start":{"line":9,"column":64},"end":{"line":9,"column":null}},"loc":{"start":{"line":9,"column":64},"end":{"line":32,"column":1}}},"2":{"name":"(anonymous_10)","decl":{"start":{"line":34,"column":24},"end":{"line":34,"column":31}},"loc":{"start":{"line":34,"column":62},"end":{"line":41,"column":2}}},"3":{"name":"(anonymous_11)","decl":{"start":{"line":34,"column":62},"end":{"line":34,"column":null}},"loc":{"start":{"line":34,"column":62},"end":{"line":41,"column":1}}},"4":{"name":"(anonymous_12)","decl":{"start":{"line":43,"column":27},"end":{"line":43,"column":34}},"loc":{"start":{"line":43,"column":65},"end":{"line":53,"column":2}}},"5":{"name":"(anonymous_13)","decl":{"start":{"line":43,"column":65},"end":{"line":43,"column":null}},"loc":{"start":{"line":43,"column":65},"end":{"line":53,"column":1}}},"6":{"name":"(anonymous_14)","decl":{"start":{"line":55,"column":26},"end":{"line":55,"column":33}},"loc":{"start":{"line":55,"column":64},"end":{"line":62,"column":2}}},"7":{"name":"(anonymous_15)","decl":{"start":{"line":55,"column":64},"end":{"line":55,"column":null}},"loc":{"start":{"line":55,"column":64},"end":{"line":62,"column":1}}},"8":{"name":"(anonymous_16)","decl":{"start":{"line":64,"column":26},"end":{"line":64,"column":33}},"loc":{"start":{"line":64,"column":64},"end":{"line":71,"column":2}}},"9":{"name":"(anonymous_17)","decl":{"start":{"line":64,"column":64},"end":{"line":64,"column":null}},"loc":{"start":{"line":64,"column":64},"end":{"line":71,"column":1}}}},"branchMap":{"0":{"loc":{"start":{"line":14,"column":4},"end":{"line":16,"column":5}},"type":"if","locations":[{"start":{"line":14,"column":4},"end":{"line":16,"column":5}}]},"1":{"loc":{"start":{"line":19,"column":4},"end":{"line":21,"column":5}},"type":"if","locations":[{"start":{"line":19,"column":4},"end":{"line":21,"column":5}}]},"2":{"loc":{"start":{"line":46,"column":8},"end":{"line":48,"column":9}},"type":"if","locations":[{"start":{"line":46,"column":8},"end":{"line":48,"column":9}}]}},"s":{"0":1,"1":1,"2":1,"3":1,"4":0,"5":0,"6":0,"7":0,"8":0,"9":0,"10":0,"11":0,"12":0,"13":0,"14":0,"15":0,"16":1,"17":1,"18":2,"19":2,"20":2,"21":1,"22":1,"23":1,"24":1,"25":1,"26":1,"27":1,"28":0,"29":0,"30":0,"31":1,"32":1,"33":1,"34":1,"35":1,"36":1,"37":0,"38":1,"39":1,"40":1,"41":1,"42":1,"43":1,"44":0,"45":1,"46":1},"f":{"0":0,"1":0,"2":2,"3":2,"4":1,"5":1,"6":1,"7":1,"8":1,"9":1},"b":{"0":[0],"1":[0],"2":[0]}}
,"C:\\Users\\USER\\OneDrive\\Desktop\\clone\\My-brand-Manzi-Backend\\src\\controllers\\commentController.ts": {"path":"C:\\Users\\USER\\OneDrive\\Desktop\\clone\\My-brand-Manzi-Backend\\src\\controllers\\commentController.ts","statementMap":{"0":{"start":{"line":3,"column":0},"end":{"line":3,"column":40}},"1":{"start":{"line":4,"column":0},"end":{"line":4,"column":62}},"2":{"start":{"line":22,"column":8},"end":{"line":22,"column":23}},"3":{"start":{"line":23,"column":8},"end":{"line":23,"column":23}},"4":{"start":{"line":27,"column":8},"end":{"line":30,"column":11}},"5":{"start":{"line":34,"column":0},"end":{"line":34,"column":30}},"6":{"start":{"line":37,"column":29},"end":{"line":65,"column":null}},"7":{"start":{"line":37,"column":74},"end":{"line":65,"column":null}},"8":{"start":{"line":38,"column":19},"end":{"line":38,"column":47}},"9":{"start":{"line":39,"column":2},"end":{"line":64,"column":3}},"10":{"start":{"line":40,"column":29},"end":{"line":40,"column":61}},"11":{"start":{"line":42,"column":4},"end":{"line":44,"column":5}},"12":{"start":{"line":43,"column":6},"end":{"line":43,"column":53}},"13":{"start":{"line":46,"column":37},"end":{"line":46,"column":42}},"14":{"start":{"line":47,"column":27},"end":{"line":47,"column":37}},"15":{"start":{"line":48,"column":23},"end":{"line":54,"column":6}},"16":{"start":{"line":55,"column":25},"end":{"line":55,"column":48}},"17":{"start":{"line":56,"column":4},"end":{"line":60,"column":6}},"18":{"start":{"line":62,"column":25},"end":{"line":62,"column":40}},"19":{"start":{"line":63,"column":4},"end":{"line":63,"column":53}},"20":{"start":{"line":37,"column":14},"end":{"line":37,"column":29}},"21":{"start":{"line":67,"column":35},"end":{"line":75,"column":2}},"22":{"start":{"line":67,"column":88},"end":{"line":75,"column":2}},"23":{"start":{"line":68,"column":4},"end":{"line":74,"column":5}},"24":{"start":{"line":69,"column":27},"end":{"line":69,"column":37}},"25":{"start":{"line":70,"column":25},"end":{"line":70,"column":61}},"26":{"start":{"line":71,"column":8},"end":{"line":71,"column":27}},"27":{"start":{"line":73,"column":8},"end":{"line":73,"column":67}},"28":{"start":{"line":67,"column":13},"end":{"line":67,"column":35}},"29":{"start":{"line":77,"column":29},"end":{"line":88,"column":2}},"30":{"start":{"line":77,"column":82},"end":{"line":88,"column":2}},"31":{"start":{"line":78,"column":4},"end":{"line":87,"column":5}},"32":{"start":{"line":79,"column":23},"end":{"line":79,"column":33}},"33":{"start":{"line":80,"column":28},"end":{"line":80,"column":36}},"34":{"start":{"line":82,"column":31},"end":{"line":82,"column":94}},"35":{"start":{"line":83,"column":8},"end":{"line":83,"column":33}},"36":{"start":{"line":85,"column":8},"end":{"line":85,"column":29}},"37":{"start":{"line":86,"column":8},"end":{"line":86,"column":67}},"38":{"start":{"line":77,"column":13},"end":{"line":77,"column":29}},"39":{"start":{"line":90,"column":29},"end":{"line":98,"column":2}},"40":{"start":{"line":90,"column":82},"end":{"line":98,"column":2}},"41":{"start":{"line":91,"column":4},"end":{"line":97,"column":5}},"42":{"start":{"line":92,"column":23},"end":{"line":92,"column":33}},"43":{"start":{"line":93,"column":8},"end":{"line":93,"column":44}},"44":{"start":{"line":94,"column":8},"end":{"line":94,"column":28}},"45":{"start":{"line":96,"column":8},"end":{"line":96,"column":67}},"46":{"start":{"line":90,"column":13},"end":{"line":90,"column":29}}},"fnMap":{"0":{"name":"(anonymous_8)","decl":{"start":{"line":21,"column":4},"end":{"line":21,"column":16}},"loc":{"start":{"line":21,"column":43},"end":{"line":24,"column":5}}},"1":{"name":"(anonymous_9)","decl":{"start":{"line":26,"column":4},"end":{"line":26,"column":8}},"loc":{"start":{"line":26,"column":52},"end":{"line":31,"column":5}}},"2":{"name":"(anonymous_10)","decl":{"start":{"line":37,"column":29},"end":{"line":37,"column":35}},"loc":{"start":{"line":37,"column":74},"end":{"line":65,"column":null}}},"3":{"name":"(anonymous_11)","decl":{"start":{"line":37,"column":74},"end":{"line":37,"column":null}},"loc":{"start":{"line":37,"column":74},"end":{"line":65,"column":1}}},"4":{"name":"(anonymous_12)","decl":{"start":{"line":67,"column":35},"end":{"line":67,"column":42}},"loc":{"start":{"line":67,"column":88},"end":{"line":75,"column":2}}},"5":{"name":"(anonymous_13)","decl":{"start":{"line":67,"column":88},"end":{"line":67,"column":null}},"loc":{"start":{"line":67,"column":88},"end":{"line":75,"column":1}}},"6":{"name":"(anonymous_14)","decl":{"start":{"line":77,"column":29},"end":{"line":77,"column":36}},"loc":{"start":{"line":77,"column":82},"end":{"line":88,"column":2}}},"7":{"name":"(anonymous_15)","decl":{"start":{"line":77,"column":82},"end":{"line":77,"column":null}},"loc":{"start":{"line":77,"column":82},"end":{"line":88,"column":1}}},"8":{"name":"(anonymous_16)","decl":{"start":{"line":90,"column":29},"end":{"line":90,"column":36}},"loc":{"start":{"line":90,"column":82},"end":{"line":98,"column":2}}},"9":{"name":"(anonymous_17)","decl":{"start":{"line":90,"column":82},"end":{"line":90,"column":null}},"loc":{"start":{"line":90,"column":82},"end":{"line":98,"column":1}}}},"branchMap":{"0":{"loc":{"start":{"line":42,"column":4},"end":{"line":44,"column":5}},"type":"if","locations":[{"start":{"line":42,"column":4},"end":{"line":44,"column":5}}]}},"s":{"0":1,"1":1,"2":1,"3":1,"4":1,"5":1,"6":1,"7":1,"8":1,"9":1,"10":1,"11":1,"12":1,"13":0,"14":0,"15":0,"16":0,"17":0,"18":0,"19":0,"20":1,"21":1,"22":1,"23":1,"24":1,"25":1,"26":1,"27":0,"28":1,"29":1,"30":0,"31":0,"32":0,"33":0,"34":0,"35":0,"36":0,"37":0,"38":1,"39":1,"40":1,"41":1,"42":1,"43":1,"44":0,"45":1,"46":1},"f":{"0":1,"1":1,"2":1,"3":1,"4":1,"5":1,"6":0,"7":0,"8":1,"9":1},"b":{"0":[1]}}
,"C:\\Users\\USER\\OneDrive\\Desktop\\clone\\My-brand-Manzi-Backend\\src\\controllers\\likeController.ts": {"path":"C:\\Users\\USER\\OneDrive\\Desktop\\clone\\My-brand-Manzi-Backend\\src\\controllers\\likeController.ts","statementMap":{"0":{"start":{"line":2,"column":0},"end":{"line":2,"column":34}},"1":{"start":{"line":3,"column":0},"end":{"line":3,"column":56}},"2":{"start":{"line":5,"column":26},"end":{"line":19,"column":2}},"3":{"start":{"line":5,"column":64},"end":{"line":19,"column":2}},"4":{"start":{"line":6,"column":2},"end":{"line":18,"column":1}},"5":{"start":{"line":7,"column":29},"end":{"line":7,"column":37}},"6":{"start":{"line":8,"column":29},"end":{"line":8,"column":66}},"7":{"start":{"line":9,"column":4},"end":{"line":11,"column":5}},"8":{"start":{"line":10,"column":6},"end":{"line":10,"column":48}},"9":{"start":{"line":13,"column":18},"end":{"line":13,"column":44}},"10":{"start":{"line":14,"column":4},"end":{"line":14,"column":23}},"11":{"start":{"line":15,"column":4},"end":{"line":15,"column":67}},"12":{"start":{"line":17,"column":4},"end":{"line":17,"column":53}},"13":{"start":{"line":5,"column":13},"end":{"line":5,"column":26}},"14":{"start":{"line":21,"column":23},"end":{"line":36,"column":2}},"15":{"start":{"line":21,"column":61},"end":{"line":36,"column":2}},"16":{"start":{"line":22,"column":2},"end":{"line":35,"column":3}},"17":{"start":{"line":23,"column":21},"end":{"line":23,"column":34}},"18":{"start":{"line":25,"column":19},"end":{"line":25,"column":36}},"19":{"start":{"line":27,"column":6},"end":{"line":27,"column":21}},"20":{"start":{"line":29,"column":18},"end":{"line":29,"column":71}},"21":{"start":{"line":31,"column":2},"end":{"line":31,"column":23}},"22":{"start":{"line":34,"column":6},"end":{"line":34,"column":64}},"23":{"start":{"line":21,"column":13},"end":{"line":21,"column":23}}},"fnMap":{"0":{"name":"(anonymous_8)","decl":{"start":{"line":5,"column":26},"end":{"line":5,"column":33}},"loc":{"start":{"line":5,"column":64},"end":{"line":19,"column":2}}},"1":{"name":"(anonymous_9)","decl":{"start":{"line":5,"column":64},"end":{"line":5,"column":null}},"loc":{"start":{"line":5,"column":64},"end":{"line":19,"column":1}}},"2":{"name":"(anonymous_10)","decl":{"start":{"line":21,"column":23},"end":{"line":21,"column":30}},"loc":{"start":{"line":21,"column":61},"end":{"line":36,"column":2}}},"3":{"name":"(anonymous_11)","decl":{"start":{"line":21,"column":61},"end":{"line":21,"column":null}},"loc":{"start":{"line":21,"column":61},"end":{"line":36,"column":1}}}},"branchMap":{"0":{"loc":{"start":{"line":9,"column":4},"end":{"line":11,"column":5}},"type":"if","locations":[{"start":{"line":9,"column":4},"end":{"line":11,"column":5}}]}},"s":{"0":1,"1":1,"2":1,"3":3,"4":3,"5":3,"6":3,"7":3,"8":2,"9":1,"10":1,"11":1,"12":2,"13":1,"14":1,"15":0,"16":0,"17":0,"18":0,"19":0,"20":0,"21":0,"22":0,"23":1},"f":{"0":3,"1":3,"2":0,"3":0},"b":{"0":[2]}}
,"C:\\Users\\USER\\OneDrive\\Desktop\\clone\\My-brand-Manzi-Backend\\src\\controllers\\messageController.ts": {"path":"C:\\Users\\USER\\OneDrive\\Desktop\\clone\\My-brand-Manzi-Backend\\src\\controllers\\messageController.ts","statementMap":{"0":{"start":{"line":3,"column":0},"end":{"line":3,"column":54}},"1":{"start":{"line":4,"column":0},"end":{"line":4,"column":61}},"2":{"start":{"line":6,"column":29},"end":{"line":22,"column":2}},"3":{"start":{"line":6,"column":82},"end":{"line":22,"column":2}},"4":{"start":{"line":7,"column":4},"end":{"line":21,"column":5}},"5":{"start":{"line":8,"column":32},"end":{"line":8,"column":64}},"6":{"start":{"line":11,"column":4},"end":{"line":13,"column":5}},"7":{"start":{"line":12,"column":8},"end":{"line":12,"column":55}},"8":{"start":{"line":14,"column":32},"end":{"line":14,"column":40}},"9":{"start":{"line":15,"column":25},"end":{"line":15,"column":45}},"10":{"start":{"line":16,"column":27},"end":{"line":16,"column":50}},"11":{"start":{"line":17,"column":6},"end":{"line":17,"column":41}},"12":{"start":{"line":19,"column":8},"end":{"line":19,"column":29}},"13":{"start":{"line":20,"column":8},"end":{"line":20,"column":67}},"14":{"start":{"line":6,"column":13},"end":{"line":6,"column":29}},"15":{"start":{"line":24,"column":27},"end":{"line":32,"column":2}},"16":{"start":{"line":24,"column":80},"end":{"line":32,"column":2}},"17":{"start":{"line":25,"column":4},"end":{"line":31,"column":5}},"18":{"start":{"line":26,"column":25},"end":{"line":26,"column":45}},"19":{"start":{"line":27,"column":8},"end":{"line":27,"column":27}},"20":{"start":{"line":29,"column":8},"end":{"line":29,"column":29}},"21":{"start":{"line":30,"column":8},"end":{"line":30,"column":67}},"22":{"start":{"line":24,"column":13},"end":{"line":24,"column":27}},"23":{"start":{"line":34,"column":30},"end":{"line":47,"column":2}},"24":{"start":{"line":34,"column":83},"end":{"line":47,"column":2}},"25":{"start":{"line":35,"column":4},"end":{"line":46,"column":5}},"26":{"start":{"line":36,"column":26},"end":{"line":36,"column":39}},"27":{"start":{"line":37,"column":25},"end":{"line":37,"column":58}},"28":{"start":{"line":38,"column":8},"end":{"line":41,"column":9}},"29":{"start":{"line":39,"column":12},"end":{"line":39,"column":67}},"30":{"start":{"line":40,"column":12},"end":{"line":40,"column":19}},"31":{"start":{"line":42,"column":8},"end":{"line":42,"column":27}},"32":{"start":{"line":44,"column":8},"end":{"line":44,"column":29}},"33":{"start":{"line":45,"column":8},"end":{"line":45,"column":67}},"34":{"start":{"line":34,"column":13},"end":{"line":34,"column":30}},"35":{"start":{"line":49,"column":29},"end":{"line":62,"column":2}},"36":{"start":{"line":49,"column":82},"end":{"line":62,"column":2}},"37":{"start":{"line":50,"column":4},"end":{"line":61,"column":5}},"38":{"start":{"line":51,"column":26},"end":{"line":51,"column":39}},"39":{"start":{"line":52,"column":31},"end":{"line":52,"column":98}},"40":{"start":{"line":53,"column":8},"end":{"line":56,"column":9}},"41":{"start":{"line":54,"column":12},"end":{"line":54,"column":67}},"42":{"start":{"line":55,"column":12},"end":{"line":55,"column":19}},"43":{"start":{"line":57,"column":8},"end":{"line":57,"column":33}},"44":{"start":{"line":59,"column":8},"end":{"line":59,"column":29}},"45":{"start":{"line":60,"column":8},"end":{"line":60,"column":67}},"46":{"start":{"line":49,"column":13},"end":{"line":49,"column":29}},"47":{"start":{"line":64,"column":29},"end":{"line":72,"column":2}},"48":{"start":{"line":64,"column":82},"end":{"line":72,"column":2}},"49":{"start":{"line":65,"column":4},"end":{"line":71,"column":5}},"50":{"start":{"line":66,"column":26},"end":{"line":66,"column":39}},"51":{"start":{"line":67,"column":8},"end":{"line":67,"column":51}},"52":{"start":{"line":68,"column":8},"end":{"line":68,"column":28}},"53":{"start":{"line":70,"column":8},"end":{"line":70,"column":67}},"54":{"start":{"line":64,"column":13},"end":{"line":64,"column":29}}},"fnMap":{"0":{"name":"(anonymous_8)","decl":{"start":{"line":6,"column":29},"end":{"line":6,"column":36}},"loc":{"start":{"line":6,"column":82},"end":{"line":22,"column":2}}},"1":{"name":"(anonymous_9)","decl":{"start":{"line":6,"column":82},"end":{"line":6,"column":null}},"loc":{"start":{"line":6,"column":82},"end":{"line":22,"column":1}}},"2":{"name":"(anonymous_10)","decl":{"start":{"line":24,"column":27},"end":{"line":24,"column":34}},"loc":{"start":{"line":24,"column":80},"end":{"line":32,"column":2}}},"3":{"name":"(anonymous_11)","decl":{"start":{"line":24,"column":80},"end":{"line":24,"column":null}},"loc":{"start":{"line":24,"column":80},"end":{"line":32,"column":1}}},"4":{"name":"(anonymous_12)","decl":{"start":{"line":34,"column":30},"end":{"line":34,"column":37}},"loc":{"start":{"line":34,"column":83},"end":{"line":47,"column":2}}},"5":{"name":"(anonymous_13)","decl":{"start":{"line":34,"column":83},"end":{"line":34,"column":null}},"loc":{"start":{"line":34,"column":83},"end":{"line":47,"column":1}}},"6":{"name":"(anonymous_14)","decl":{"start":{"line":49,"column":29},"end":{"line":49,"column":36}},"loc":{"start":{"line":49,"column":82},"end":{"line":62,"column":2}}},"7":{"name":"(anonymous_15)","decl":{"start":{"line":49,"column":82},"end":{"line":49,"column":null}},"loc":{"start":{"line":49,"column":82},"end":{"line":62,"column":1}}},"8":{"name":"(anonymous_16)","decl":{"start":{"line":64,"column":29},"end":{"line":64,"column":36}},"loc":{"start":{"line":64,"column":82},"end":{"line":72,"column":2}}},"9":{"name":"(anonymous_17)","decl":{"start":{"line":64,"column":82},"end":{"line":64,"column":null}},"loc":{"start":{"line":64,"column":82},"end":{"line":72,"column":1}}}},"branchMap":{"0":{"loc":{"start":{"line":11,"column":4},"end":{"line":13,"column":5}},"type":"if","locations":[{"start":{"line":11,"column":4},"end":{"line":13,"column":5}}]},"1":{"loc":{"start":{"line":38,"column":8},"end":{"line":41,"column":9}},"type":"if","locations":[{"start":{"line":38,"column":8},"end":{"line":41,"column":9}}]},"2":{"loc":{"start":{"line":53,"column":8},"end":{"line":56,"column":9}},"type":"if","locations":[{"start":{"line":53,"column":8},"end":{"line":56,"column":9}}]}},"s":{"0":1,"1":1,"2":1,"3":0,"4":0,"5":0,"6":0,"7":0,"8":0,"9":0,"10":0,"11":0,"12":0,"13":0,"14":1,"15":1,"16":2,"17":2,"18":2,"19":1,"20":1,"21":1,"22":1,"23":1,"24":3,"25":3,"26":3,"27":3,"28":2,"29":1,"30":1,"31":1,"32":1,"33":1,"34":1,"35":1,"36":3,"37":3,"38":3,"39":3,"40":2,"41":1,"42":1,"43":1,"44":1,"45":1,"46":1,"47":1,"48":2,"49":2,"50":2,"51":2,"52":1,"53":1,"54":1},"f":{"0":0,"1":0,"2":2,"3":2,"4":3,"5":3,"6":3,"7":3,"8":2,"9":2},"b":{"0":[0],"1":[1],"2":[1]}}
,"C:\\Users\\USER\\OneDrive\\Desktop\\clone\\My-brand-Manzi-Backend\\src\\controllers\\usersController.ts": {"path":"C:\\Users\\USER\\OneDrive\\Desktop\\clone\\My-brand-Manzi-Backend\\src\\controllers\\usersController.ts","statementMap":{"0":{"start":{"line":3,"column":0},"end":{"line":3,"column":31}},"1":{"start":{"line":4,"column":0},"end":{"line":4,"column":28}},"2":{"start":{"line":5,"column":0},"end":{"line":5,"column":28}},"3":{"start":{"line":6,"column":0},"end":{"line":6,"column":23}},"4":{"start":{"line":8,"column":0},"end":{"line":8,"column":34}},"5":{"start":{"line":10,"column":0},"end":{"line":10,"column":16}},"6":{"start":{"line":12,"column":26},"end":{"line":43,"column":2}},"7":{"start":{"line":12,"column":64},"end":{"line":43,"column":2}},"8":{"start":{"line":13,"column":19},"end":{"line":13,"column":70}},"9":{"start":{"line":15,"column":2},"end":{"line":42,"column":3}},"10":{"start":{"line":16,"column":17},"end":{"line":16,"column":62}},"11":{"start":{"line":17,"column":4},"end":{"line":39,"column":5}},"12":{"start":{"line":18,"column":6},"end":{"line":20,"column":70}},"13":{"start":{"line":21,"column":6},"end":{"line":21,"column":13}},"14":{"start":{"line":23,"column":29},"end":{"line":23,"column":66}},"15":{"start":{"line":24,"column":22},"end":{"line":24,"column":73}},"16":{"start":{"line":25,"column":22},"end":{"line":25,"column":42}},"17":{"start":{"line":26,"column":6},"end":{"line":38,"column":7}},"18":{"start":{"line":27,"column":27},"end":{"line":27,"column":72}},"19":{"start":{"line":28,"column":28},"end":{"line":28,"column":61}},"20":{"start":{"line":29,"column":22},"end":{"line":31,"column":10}},"21":{"start":{"line":33,"column":8},"end":{"line":37,"column":11}},"22":{"start":{"line":41,"column":4},"end":{"line":41,"column":74}},"23":{"start":{"line":12,"column":13},"end":{"line":12,"column":26}},"24":{"start":{"line":45,"column":25},"end":{"line":87,"column":2}},"25":{"start":{"line":45,"column":63},"end":{"line":87,"column":2}},"26":{"start":{"line":46,"column":19},"end":{"line":46,"column":58}},"27":{"start":{"line":49,"column":2},"end":{"line":86,"column":3}},"28":{"start":{"line":50,"column":17},"end":{"line":50,"column":62}},"29":{"start":{"line":51,"column":4},"end":{"line":81,"column":5}},"30":{"start":{"line":52,"column":22},"end":{"line":54,"column":null}},"31":{"start":{"line":56,"column":6},"end":{"line":74,"column":7}},"32":{"start":{"line":57,"column":8},"end":{"line":61,"column":11}},"33":{"start":{"line":63,"column":27},"end":{"line":63,"column":72}},"34":{"start":{"line":64,"column":28},"end":{"line":64,"column":61}},"35":{"start":{"line":65,"column":22},"end":{"line":67,"column":10}},"36":{"start":{"line":69,"column":8},"end":{"line":73,"column":11}},"37":{"start":{"line":76,"column":6},"end":{"line":80,"column":9}},"38":{"start":{"line":83,"column":4},"end":{"line":85,"column":61}},"39":{"start":{"line":45,"column":13},"end":{"line":45,"column":25}}},"fnMap":{"0":{"name":"(anonymous_8)","decl":{"start":{"line":12,"column":26},"end":{"line":12,"column":33}},"loc":{"start":{"line":12,"column":64},"end":{"line":43,"column":2}}},"1":{"name":"(anonymous_9)","decl":{"start":{"line":12,"column":64},"end":{"line":12,"column":null}},"loc":{"start":{"line":12,"column":64},"end":{"line":43,"column":1}}},"2":{"name":"(anonymous_10)","decl":{"start":{"line":45,"column":25},"end":{"line":45,"column":32}},"loc":{"start":{"line":45,"column":63},"end":{"line":87,"column":2}}},"3":{"name":"(anonymous_11)","decl":{"start":{"line":45,"column":63},"end":{"line":45,"column":null}},"loc":{"start":{"line":45,"column":63},"end":{"line":87,"column":1}}}},"branchMap":{"0":{"loc":{"start":{"line":17,"column":4},"end":{"line":39,"column":5}},"type":"if","locations":[{"start":{"line":17,"column":4},"end":{"line":39,"column":5}},{"start":{"line":22,"column":11},"end":{"line":39,"column":5}}]},"1":{"loc":{"start":{"line":26,"column":6},"end":{"line":38,"column":7}},"type":"if","locations":[{"start":{"line":26,"column":6},"end":{"line":38,"column":7}}]},"2":{"loc":{"start":{"line":27,"column":27},"end":{"line":27,"column":72}},"type":"binary-expr","locations":[{"start":{"line":27,"column":27},"end":{"line":27,"column":60}},{"start":{"line":27,"column":64},"end":{"line":27,"column":72}}]},"3":{"loc":{"start":{"line":28,"column":28},"end":{"line":28,"column":61}},"type":"binary-expr","locations":[{"start":{"line":28,"column":28},"end":{"line":28,"column":53}},{"start":{"line":28,"column":57},"end":{"line":28,"column":61}}]},"4":{"loc":{"start":{"line":51,"column":4},"end":{"line":81,"column":5}},"type":"if","locations":[{"start":{"line":51,"column":4},"end":{"line":81,"column":5}},{"start":{"line":75,"column":11},"end":{"line":81,"column":5}}]},"5":{"loc":{"start":{"line":56,"column":6},"end":{"line":74,"column":7}},"type":"if","locations":[{"start":{"line":56,"column":6},"end":{"line":74,"column":7}},{"start":{"line":62,"column":13},"end":{"line":74,"column":7}}]},"6":{"loc":{"start":{"line":63,"column":27},"end":{"line":63,"column":72}},"type":"binary-expr","locations":[{"start":{"line":63,"column":27},"end":{"line":63,"column":60}},{"start":{"line":63,"column":64},"end":{"line":63,"column":72}}]},"7":{"loc":{"start":{"line":64,"column":28},"end":{"line":64,"column":61}},"type":"binary-expr","locations":[{"start":{"line":64,"column":28},"end":{"line":64,"column":53}},{"start":{"line":64,"column":57},"end":{"line":64,"column":61}}]}},"s":{"0":1,"1":1,"2":1,"3":1,"4":1,"5":1,"6":1,"7":1,"8":1,"9":1,"10":1,"11":1,"12":0,"13":0,"14":1,"15":0,"16":0,"17":0,"18":0,"19":0,"20":0,"21":0,"22":1,"23":1,"24":1,"25":1,"26":1,"27":1,"28":1,"29":1,"30":0,"31":0,"32":0,"33":0,"34":0,"35":0,"36":0,"37":1,"38":0,"39":1},"f":{"0":1,"1":1,"2":1,"3":1},"b":{"0":[0,1],"1":[0],"2":[0,0],"3":[0,0],"4":[0,1],"5":[0,0],"6":[0,0],"7":[0,0]}}
,"C:\\Users\\USER\\OneDrive\\Desktop\\clone\\My-brand-Manzi-Backend\\src\\image\\cloudimage.ts": {"path":"C:\\Users\\USER\\OneDrive\\Desktop\\clone\\My-brand-Manzi-Backend\\src\\image\\cloudimage.ts","statementMap":{"0":{"start":{"line":1,"column":0},"end":{"line":1,"column":44}},"1":{"start":{"line":3,"column":0},"end":{"line":7,"column":3}},"2":{"start":{"line":8,"column":0},"end":{"line":8,"column":26}}},"fnMap":{},"branchMap":{},"s":{"0":1,"1":1,"2":1},"f":{},"b":{}}
,"C:\\Users\\USER\\OneDrive\\Desktop\\clone\\My-brand-Manzi-Backend\\src\\middlewares\\authenticatication.ts": {"path":"C:\\Users\\USER\\OneDrive\\Desktop\\clone\\My-brand-Manzi-Backend\\src\\middlewares\\authenticatication.ts","statementMap":{"0":{"start":{"line":1,"column":0},"end":{"line":1,"column":28}},"1":{"start":{"line":4,"column":0},"end":{"line":4,"column":32}},"2":{"start":{"line":5,"column":0},"end":{"line":5,"column":35}},"3":{"start":{"line":6,"column":0},"end":{"line":6,"column":67}},"4":{"start":{"line":8,"column":1},"end":{"line":8,"column":17}},"5":{"start":{"line":10,"column":20},"end":{"line":13,"column":4}},"6":{"start":{"line":14,"column":2},"end":{"line":26,"column":4}},"7":{"start":{"line":15,"column":56},"end":{"line":25,"column":5}},"8":{"start":{"line":16,"column":6},"end":{"line":24,"column":5}},"9":{"start":{"line":17,"column":21},"end":{"line":17,"column":56}},"10":{"start":{"line":18,"column":8},"end":{"line":20,"column":9}},"11":{"start":{"line":19,"column":10},"end":{"line":19,"column":35}},"12":{"start":{"line":21,"column":8},"end":{"line":21,"column":32}},"13":{"start":{"line":23,"column":8},"end":{"line":23,"column":34}},"14":{"start":{"line":29,"column":32},"end":{"line":40,"column":2}},"15":{"start":{"line":30,"column":3},"end":{"line":39,"column":22}},"16":{"start":{"line":31,"column":5},"end":{"line":33,"column":6}},"17":{"start":{"line":32,"column":7},"end":{"line":32,"column":87}},"18":{"start":{"line":34,"column":5},"end":{"line":36,"column":6}},"19":{"start":{"line":35,"column":7},"end":{"line":35,"column":91}},"20":{"start":{"line":37,"column":5},"end":{"line":37,"column":21}},"21":{"start":{"line":38,"column":5},"end":{"line":38,"column":12}},"22":{"start":{"line":29,"column":14},"end":{"line":29,"column":32}},"23":{"start":{"line":42,"column":24},"end":{"line":60,"column":3}},"24":{"start":{"line":46,"column":5},"end":{"line":60,"column":3}},"25":{"start":{"line":47,"column":3},"end":{"line":49,"column":4}},"26":{"start":{"line":48,"column":5},"end":{"line":48,"column":43}},"27":{"start":{"line":51,"column":3},"end":{"line":53,"column":4}},"28":{"start":{"line":52,"column":5},"end":{"line":52,"column":43}},"29":{"start":{"line":55,"column":3},"end":{"line":59,"column":4}},"30":{"start":{"line":56,"column":5},"end":{"line":56,"column":12}},"31":{"start":{"line":58,"column":5},"end":{"line":58,"column":49}},"32":{"start":{"line":42,"column":14},"end":{"line":42,"column":24}},"33":{"start":{"line":61,"column":1},"end":{"line":61,"column":null}}},"fnMap":{"0":{"name":"(anonymous_8)","decl":{"start":{"line":15,"column":32},"end":{"line":15,"column":39}},"loc":{"start":{"line":15,"column":56},"end":{"line":25,"column":5}}},"1":{"name":"(anonymous_9)","decl":{"start":{"line":15,"column":56},"end":{"line":15,"column":null}},"loc":{"start":{"line":15,"column":56},"end":{"line":25,"column":4}}},"2":{"name":"(anonymous_10)","decl":{"start":{"line":29,"column":32},"end":{"line":29,"column":33}},"loc":{"start":{"line":29,"column":84},"end":{"line":40,"column":2}}},"3":{"name":"(anonymous_11)","decl":{"start":{"line":30,"column":52},"end":{"line":30,"column":53}},"loc":{"start":{"line":30,"column":108},"end":{"line":39,"column":4}}},"4":{"name":"(anonymous_12)","decl":{"start":{"line":42,"column":24},"end":{"line":42,"column":null}},"loc":{"start":{"line":46,"column":5},"end":{"line":60,"column":3}}},"5":{"name":"(anonymous_13)","decl":{"start":{"line":46,"column":5},"end":{"line":46,"column":null}},"loc":{"start":{"line":46,"column":5},"end":{"line":60,"column":2}}}},"branchMap":{"0":{"loc":{"start":{"line":12,"column":17},"end":{"line":12,"column":51}},"type":"binary-expr","locations":[{"start":{"line":12,"column":17},"end":{"line":12,"column":39}},{"start":{"line":12,"column":43},"end":{"line":12,"column":51}}]},"1":{"loc":{"start":{"line":18,"column":8},"end":{"line":20,"column":9}},"type":"if","locations":[{"start":{"line":18,"column":8},"end":{"line":20,"column":9}}]},"2":{"loc":{"start":{"line":31,"column":5},"end":{"line":33,"column":6}},"type":"if","locations":[{"start":{"line":31,"column":5},"end":{"line":33,"column":6}}]},"3":{"loc":{"start":{"line":34,"column":5},"end":{"line":36,"column":6}},"type":"if","locations":[{"start":{"line":34,"column":5},"end":{"line":36,"column":6}}]},"4":{"loc":{"start":{"line":47,"column":3},"end":{"line":49,"column":4}},"type":"if","locations":[{"start":{"line":47,"column":3},"end":{"line":49,"column":4}}]},"5":{"loc":{"start":{"line":51,"column":3},"end":{"line":53,"column":4}},"type":"if","locations":[{"start":{"line":51,"column":3},"end":{"line":53,"column":4}}]},"6":{"loc":{"start":{"line":55,"column":3},"end":{"line":59,"column":4}},"type":"if","locations":[{"start":{"line":55,"column":3},"end":{"line":59,"column":4}},{"start":{"line":57,"column":10},"end":{"line":59,"column":4}}]}},"s":{"0":1,"1":1,"2":1,"3":1,"4":1,"5":1,"6":1,"7":0,"8":0,"9":0,"10":0,"11":0,"12":0,"13":0,"14":1,"15":1,"16":1,"17":0,"18":1,"19":1,"20":0,"21":0,"22":1,"23":1,"24":0,"25":0,"26":0,"27":0,"28":0,"29":0,"30":0,"31":0,"32":1,"33":1},"f":{"0":0,"1":0,"2":1,"3":1,"4":0,"5":0},"b":{"0":[1,1],"1":[0],"2":[0],"3":[1],"4":[0],"5":[0],"6":[0,0]}}
,"C:\\Users\\USER\\OneDrive\\Desktop\\clone\\My-brand-Manzi-Backend\\src\\middlewares\\imagemiddleware.ts": {"path":"C:\\Users\\USER\\OneDrive\\Desktop\\clone\\My-brand-Manzi-Backend\\src\\middlewares\\imagemiddleware.ts","statementMap":{"0":{"start":{"line":1,"column":0},"end":{"line":1,"column":28}},"1":{"start":{"line":2,"column":0},"end":{"line":2,"column":24}},"2":{"start":{"line":4,"column":16},"end":{"line":4,"column":38}},"3":{"start":{"line":6,"column":19},"end":{"line":15,"column":1}},"4":{"start":{"line":7,"column":20},"end":{"line":7,"column":65}},"5":{"start":{"line":9,"column":2},"end":{"line":12,"column":3}},"6":{"start":{"line":10,"column":4},"end":{"line":10,"column":39}},"7":{"start":{"line":11,"column":4},"end":{"line":11,"column":11}},"8":{"start":{"line":14,"column":2},"end":{"line":14,"column":17}},"9":{"start":{"line":17,"column":15},"end":{"line":20,"column":2}},"10":{"start":{"line":22,"column":0},"end":{"line":22,"column":22}}},"fnMap":{"0":{"name":"(anonymous_1)","decl":{"start":{"line":6,"column":19},"end":{"line":6,"column":20}},"loc":{"start":{"line":6,"column":108},"end":{"line":15,"column":1}}}},"branchMap":{"0":{"loc":{"start":{"line":9,"column":2},"end":{"line":12,"column":3}},"type":"if","locations":[{"start":{"line":9,"column":2},"end":{"line":12,"column":3}}]},"1":{"loc":{"start":{"line":9,"column":8},"end":{"line":9,"column":77}},"type":"binary-expr","locations":[{"start":{"line":9,"column":8},"end":{"line":9,"column":28}},{"start":{"line":9,"column":32},"end":{"line":9,"column":53}},{"start":{"line":9,"column":57},"end":{"line":9,"column":77}}]}},"s":{"0":1,"1":1,"2":1,"3":1,"4":0,"5":0,"6":0,"7":0,"8":0,"9":1,"10":1},"f":{"0":0},"b":{"0":[0],"1":[0,0,0]}}
,"C:\\Users\\USER\\OneDrive\\Desktop\\clone\\My-brand-Manzi-Backend\\src\\models\\Blog.ts": {"path":"C:\\Users\\USER\\OneDrive\\Desktop\\clone\\My-brand-Manzi-Backend\\src\\models\\Blog.ts","statementMap":{"0":{"start":{"line":2,"column":0},"end":{"line":2,"column":41}},"1":{"start":{"line":4,"column":19},"end":{"line":15,"column":2}},"2":{"start":{"line":17,"column":13},"end":{"line":17,"column":38}},"3":{"start":{"line":19,"column":0},"end":{"line":19,"column":20}}},"fnMap":{},"branchMap":{},"s":{"0":1,"1":1,"2":1,"3":1},"f":{},"b":{}}
,"C:\\Users\\USER\\OneDrive\\Desktop\\clone\\My-brand-Manzi-Backend\\src\\models\\Comment.ts": {"path":"C:\\Users\\USER\\OneDrive\\Desktop\\clone\\My-brand-Manzi-Backend\\src\\models\\Comment.ts","statementMap":{"0":{"start":{"line":1,"column":0},"end":{"line":1,"column":47}},"1":{"start":{"line":12,"column":22},"end":{"line":19,"column":2}},"2":{"start":{"line":21,"column":17},"end":{"line":21,"column":59}},"3":{"start":{"line":23,"column":1},"end":{"line":23,"column":null}}},"fnMap":{},"branchMap":{},"s":{"0":1,"1":1,"2":1,"3":1},"f":{},"b":{}}
,"C:\\Users\\USER\\OneDrive\\Desktop\\clone\\My-brand-Manzi-Backend\\src\\models\\Message.ts": {"path":"C:\\Users\\USER\\OneDrive\\Desktop\\clone\\My-brand-Manzi-Backend\\src\\models\\Message.ts","statementMap":{"0":{"start":{"line":2,"column":0},"end":{"line":2,"column":54}},"1":{"start":{"line":11,"column":30},"end":{"line":16,"column":2}},"2":{"start":{"line":18,"column":0},"end":{"line":18,"column":66}}},"fnMap":{},"branchMap":{},"s":{"0":1,"1":1,"2":1},"f":{},"b":{}}
,"C:\\Users\\USER\\OneDrive\\Desktop\\clone\\My-brand-Manzi-Backend\\src\\models\\User.ts": {"path":"C:\\Users\\USER\\OneDrive\\Desktop\\clone\\My-brand-Manzi-Backend\\src\\models\\User.ts","statementMap":{"0":{"start":{"line":1,"column":0},"end":{"line":1,"column":32}},"1":{"start":{"line":11,"column":19},"end":{"line":32,"column":2}},"2":{"start":{"line":34,"column":0},"end":{"line":34,"column":50}}},"fnMap":{},"branchMap":{},"s":{"0":1,"1":1,"2":1},"f":{},"b":{}}
,"C:\\Users\\USER\\OneDrive\\Desktop\\clone\\My-brand-Manzi-Backend\\src\\routes\\blogRoutes.ts": {"path":"C:\\Users\\USER\\OneDrive\\Desktop\\clone\\My-brand-Manzi-Backend\\src\\routes\\blogRoutes.ts","statementMap":{"0":{"start":{"line":1,"column":0},"end":{"line":1,"column":30}},"1":{"start":{"line":2,"column":0},"end":{"line":2,"column":68}},"2":{"start":{"line":3,"column":0},"end":{"line":3,"column":64}},"3":{"start":{"line":4,"column":0},"end":{"line":4,"column":52}},"4":{"start":{"line":7,"column":15},"end":{"line":7,"column":31}},"5":{"start":{"line":10,"column":0},"end":{"line":10,"column":82}},"6":{"start":{"line":11,"column":0},"end":{"line":11,"column":40}},"7":{"start":{"line":12,"column":0},"end":{"line":12,"column":47}},"8":{"start":{"line":13,"column":0},"end":{"line":13,"column":48}},"9":{"start":{"line":14,"column":0},"end":{"line":14,"column":49}},"10":{"start":{"line":16,"column":0},"end":{"line":16,"column":22}}},"fnMap":{},"branchMap":{},"s":{"0":1,"1":1,"2":1,"3":1,"4":1,"5":1,"6":1,"7":1,"8":1,"9":1,"10":1},"f":{},"b":{}}
,"C:\\Users\\USER\\OneDrive\\Desktop\\clone\\My-brand-Manzi-Backend\\src\\routes\\commentRoutes.ts": {"path":"C:\\Users\\USER\\OneDrive\\Desktop\\clone\\My-brand-Manzi-Backend\\src\\routes\\commentRoutes.ts","statementMap":{"0":{"start":{"line":2,"column":0},"end":{"line":2,"column":42}},"1":{"start":{"line":3,"column":0},"end":{"line":3,"column":116}},"2":{"start":{"line":5,"column":23},"end":{"line":5,"column":39}},"3":{"start":{"line":8,"column":0},"end":{"line":8,"column":44}},"4":{"start":{"line":11,"column":0},"end":{"line":11,"column":49}},"5":{"start":{"line":14,"column":0},"end":{"line":14,"column":43}},"6":{"start":{"line":17,"column":0},"end":{"line":17,"column":46}},"7":{"start":{"line":19,"column":0},"end":{"line":19,"column":22}}},"fnMap":{},"branchMap":{},"s":{"0":1,"1":1,"2":1,"3":1,"4":1,"5":1,"6":1,"7":1},"f":{},"b":{}}
,"C:\\Users\\USER\\OneDrive\\Desktop\\clone\\My-brand-Manzi-Backend\\src\\routes\\likeRoutes.ts": {"path":"C:\\Users\\USER\\OneDrive\\Desktop\\clone\\My-brand-Manzi-Backend\\src\\routes\\likeRoutes.ts","statementMap":{"0":{"start":{"line":1,"column":0},"end":{"line":1,"column":30}},"1":{"start":{"line":2,"column":0},"end":{"line":2,"column":68}},"2":{"start":{"line":4,"column":15},"end":{"line":4,"column":31}},"3":{"start":{"line":6,"column":0},"end":{"line":6,"column":38}},"4":{"start":{"line":7,"column":0},"end":{"line":7,"column":null}},"5":{"start":{"line":10,"column":0},"end":{"line":10,"column":22}}},"fnMap":{},"branchMap":{},"s":{"0":1,"1":1,"2":1,"3":1,"4":1,"5":1},"f":{},"b":{}}
,"C:\\Users\\USER\\OneDrive\\Desktop\\clone\\My-brand-Manzi-Backend\\src\\routes\\messageRoutes.ts": {"path":"C:\\Users\\USER\\OneDrive\\Desktop\\clone\\My-brand-Manzi-Backend\\src\\routes\\messageRoutes.ts","statementMap":{"0":{"start":{"line":2,"column":0},"end":{"line":2,"column":30}},"1":{"start":{"line":3,"column":0},"end":{"line":3,"column":70}},"2":{"start":{"line":5,"column":15},"end":{"line":5,"column":31}},"3":{"start":{"line":7,"column":0},"end":{"line":7,"column":49}},"4":{"start":{"line":8,"column":0},"end":{"line":8,"column":47}},"5":{"start":{"line":9,"column":0},"end":{"line":9,"column":53}},"6":{"start":{"line":10,"column":0},"end":{"line":10,"column":52}},"7":{"start":{"line":11,"column":0},"end":{"line":11,"column":55}},"8":{"start":{"line":13,"column":0},"end":{"line":13,"column":22}}},"fnMap":{},"branchMap":{},"s":{"0":1,"1":1,"2":1,"3":1,"4":1,"5":1,"6":1,"7":1,"8":1},"f":{},"b":{}}
,"C:\\Users\\USER\\OneDrive\\Desktop\\clone\\My-brand-Manzi-Backend\\src\\routes\\userroutes.ts": {"path":"C:\\Users\\USER\\OneDrive\\Desktop\\clone\\My-brand-Manzi-Backend\\src\\routes\\userroutes.ts","statementMap":{"0":{"start":{"line":1,"column":0},"end":{"line":1,"column":30}},"1":{"start":{"line":2,"column":15},"end":{"line":2,"column":31}},"2":{"start":{"line":3,"column":0},"end":{"line":3,"column":56}},"3":{"start":{"line":5,"column":0},"end":{"line":5,"column":41}},"4":{"start":{"line":6,"column":0},"end":{"line":6,"column":null}},"5":{"start":{"line":8,"column":0},"end":{"line":8,"column":22}}},"fnMap":{},"branchMap":{},"s":{"0":1,"1":1,"2":1,"3":1,"4":1,"5":1},"f":{},"b":{}}
,"C:\\Users\\USER\\OneDrive\\Desktop\\clone\\My-brand-Manzi-Backend\\src\\validators\\BlogValidationSchema.ts": {"path":"C:\\Users\\USER\\OneDrive\\Desktop\\clone\\My-brand-Manzi-Backend\\src\\validators\\BlogValidationSchema.ts","statementMap":{"0":{"start":{"line":1,"column":0},"end":{"line":1,"column":22}},"1":{"start":{"line":3,"column":13},"end":{"line":6,"column":3}}},"fnMap":{},"branchMap":{},"s":{"0":1,"1":1},"f":{},"b":{}}
,"C:\\Users\\USER\\OneDrive\\Desktop\\clone\\My-brand-Manzi-Backend\\src\\validators\\commentValidators.ts": {"path":"C:\\Users\\USER\\OneDrive\\Desktop\\clone\\My-brand-Manzi-Backend\\src\\validators\\commentValidators.ts","statementMap":{"0":{"start":{"line":1,"column":0},"end":{"line":1,"column":22}},"1":{"start":{"line":3,"column":13},"end":{"line":9,"column":3}}},"fnMap":{},"branchMap":{},"s":{"0":1,"1":1},"f":{},"b":{}}
,"C:\\Users\\USER\\OneDrive\\Desktop\\clone\\My-brand-Manzi-Backend\\src\\validators\\likeValidators.ts": {"path":"C:\\Users\\USER\\OneDrive\\Desktop\\clone\\My-brand-Manzi-Backend\\src\\validators\\likeValidators.ts","statementMap":{"0":{"start":{"line":1,"column":0},"end":{"line":1,"column":22}},"1":{"start":{"line":3,"column":13},"end":{"line":6,"column":3}}},"fnMap":{},"branchMap":{},"s":{"0":1,"1":1},"f":{},"b":{}}
,"C:\\Users\\USER\\OneDrive\\Desktop\\clone\\My-brand-Manzi-Backend\\src\\validators\\messageValidotors.ts": {"path":"C:\\Users\\USER\\OneDrive\\Desktop\\clone\\My-brand-Manzi-Backend\\src\\validators\\messageValidotors.ts","statementMap":{"0":{"start":{"line":1,"column":0},"end":{"line":1,"column":22}},"1":{"start":{"line":3,"column":13},"end":{"line":7,"column":3}}},"fnMap":{},"branchMap":{},"s":{"0":1,"1":1},"f":{},"b":{}}
}
